<?xml version="1.0" encoding="UTF-8"?>
<!-- Generated by org.testng.reporters.JUnitXMLReporter -->
<testsuite ignored="6" hostname="DESKTOP-QA2UGQA" failures="1" tests="7" name="Test page object parallel" time="4671.039" errors="0" timestamp="2022-03-15T08:44:58 IST">
  <testcase classname="hooks.AppHooks" name="@AfterMethod afterMethod" time="16.989">
    <failure type="java.lang.RuntimeException">
      <![CDATA[java.lang.RuntimeException
at utils.ExtentReporter.reportStep(ExtentReporter.java:118)
at uiServices.IPageActionsImp.closeAllBrowsers(IPageActionsImp.java:188)
at hooks.AppHooks.afterMethod(AppHooks.java:84)
at java.base/java.util.concurrent.ThreadPoolExecutor.runWorker(ThreadPoolExecutor.java:1128)
at java.base/java.util.concurrent.ThreadPoolExecutor$Worker.run(ThreadPoolExecutor.java:628)
at java.base/java.lang.Thread.run(Thread.java:834)
... Removed 17 stack frames]]>
    </failure>
  </testcase> <!-- @AfterMethod afterMethod -->
  <testcase classname="testCases.RealTestCase002" name="RealTestCase002_Method001" time="0.003"/>
  <testcase classname="testCases.RealTestCase001" name="RealTestCase001_Method001" time="0.0"/>
  <testcase classname="testCases.LoginTestCase001" name="loginTestCase" time="28.787"/>
  <testcase classname="testCases.OpenSalesAppTestCase001" name="loginTestCase" time="86.525">
    <skipped/>
  </testcase> <!-- loginTestCase -->
  <testcase classname="testCases.OpenSalesAppTestCase001" name="loginTestCase" time="0.025">
    <skipped/>
  </testcase> <!-- loginTestCase -->
  <testcase classname="testCases.OpenSalesAppTestCase001" name="loginTestCase" time="0.012">
    <skipped/>
  </testcase> <!-- loginTestCase -->
  <testcase classname="testCases.OpenSalesAppTestCase001" name="loginTestCase" time="0.012">
    <failure type="java.lang.NullPointerException">
      <![CDATA[java.lang.NullPointerException
at org.openqa.selenium.support.ui.ExpectedConditions.elementIfVisible(ExpectedConditions.java:307)
at org.openqa.selenium.support.ui.ExpectedConditions.access$000(ExpectedConditions.java:40)
at org.openqa.selenium.support.ui.ExpectedConditions$10.apply(ExpectedConditions.java:293)
at org.openqa.selenium.support.ui.ExpectedConditions$10.apply(ExpectedConditions.java:290)
at org.openqa.selenium.support.ui.FluentWait.until(FluentWait.java:208)
at uiServices.IPageActionsImp.verifyElementText(IPageActionsImp.java:155)
at pages.SalesAppHomePage.verify_SalesApp_Landing_Page(SalesAppHomePage.java:18)
at testCases.OpenSalesAppTestCase001.loginTestCase(OpenSalesAppTestCase001.java:34)
at java.base/java.util.concurrent.ThreadPoolExecutor.runWorker(ThreadPoolExecutor.java:1128)
at java.base/java.util.concurrent.ThreadPoolExecutor$Worker.run(ThreadPoolExecutor.java:628)
at java.base/java.lang.Thread.run(Thread.java:834)
... Removed 12 stack frames]]>
    </failure>
  </testcase> <!-- loginTestCase -->
  <testcase classname="hooks.AppHooks" name="@BeforeSuite beforeSuite" time="0.0">
    <ignored/>
  </testcase> <!-- @BeforeSuite beforeSuite -->
  <testcase classname="hooks.AppHooks" name="@BeforeSuite beforeSuite" time="0.0">
    <ignored/>
  </testcase> <!-- @BeforeSuite beforeSuite -->
  <testcase classname="hooks.AppHooks" name="@BeforeSuite beforeSuite" time="0.0">
    <ignored/>
  </testcase> <!-- @BeforeSuite beforeSuite -->
  <testcase classname="hooks.AppHooks" name="@AfterSuite afterSuite" time="0.0">
    <ignored/>
  </testcase> <!-- @AfterSuite afterSuite -->
  <testcase classname="hooks.AppHooks" name="@AfterSuite afterSuite" time="0.0">
    <ignored/>
  </testcase> <!-- @AfterSuite afterSuite -->
  <testcase classname="hooks.AppHooks" name="@AfterSuite afterSuite" time="0.0">
    <ignored/>
  </testcase> <!-- @AfterSuite afterSuite -->
</testsuite> <!-- Test page object parallel -->
